<?xml version="1.0" encoding="UTF-8"?>
<!-- Generated by org.testng.reporters.JUnitReportReporter -->
<testsuite hostname="sanjay1670-01" name="com.weinvest.com.weinvest.TestB" tests="1" failures="0" timestamp="1 Jun 2019 11:25:27 GMT" time="31.655" errors="0">
  <testcase name="TestA" time="31.655" classname="com.weinvest.com.weinvest.TestB"/>
</testsuite> <!-- com.weinvest.com.weinvest.TestB -->
