<?xml version="1.0" encoding="UTF-8"?>
<!-- Generated by org.testng.reporters.JUnitReportReporter -->
<testsuite hostname="sanjay1670-01" name="test.testB.TestB" tests="1" failures="0" timestamp="1 Jun 2019 12:13:41 GMT" time="9.187" errors="0">
  <testcase name="testATest" time="9.187" classname="test.testB.TestB"/>
</testsuite> <!-- test.testB.TestB -->
