<?xml version="1.0" encoding="UTF-8"?>
<!-- Generated by org.testng.reporters.JUnitReportReporter -->
<testsuite hostname="sanjay1670-01" name="com.weinvest.com.weinvest.TestA" tests="1" failures="0" timestamp="1 Jun 2019 10:28:41 GMT" time="29.436" errors="0">
  <testcase name="TestA" time="29.436" classname="com.weinvest.com.weinvest.TestA"/>
</testsuite> <!-- com.weinvest.com.weinvest.TestA -->
