<?xml version="1.0" encoding="UTF-8"?>
<!-- Generated by org.testng.reporters.JUnitReportReporter -->
<testsuite hostname="sanjay1670-01" name="test.testA.TestA" tests="1" failures="0" timestamp="1 Jun 2019 12:12:48 GMT" time="8.243" errors="0">
  <testcase name="testATest" time="8.243" classname="test.testA.TestA"/>
</testsuite> <!-- test.testA.TestA -->
