<?xml version="1.0" encoding="UTF-8"?>
<!-- Generated by org.testng.reporters.JUnitReportReporter -->
<testsuite hostname="sanjay1670-01" name="com.weinvest.com.weinvest.TestC" tests="1" failures="0" timestamp="1 Jun 2019 06:47:43 GMT" time="10.836" errors="0">
  <testcase name="TestC" time="10.836" classname="com.weinvest.com.weinvest.TestC"/>
</testsuite> <!-- com.weinvest.com.weinvest.TestC -->
